<?xml version="1.0" encoding="UTF-8"?>
<!-- Generated by org.testng.reporters.JUnitReportReporter -->
<testsuite hostname="DESKTOP-HSL9373" failures="0" tests="1" name="NewTest" time="0.004" errors="0" timestamp="2020-12-26T12:24:48 EET" skipped="0">
  <testcase classname="NewTest" name="f" time="0.004"/>
  <system-out/>
</testsuite> <!-- NewTest -->
